<?xml version="1.0" encoding="UTF-8"?>
<testng-results skipped="0" failed="0" ignored="0" total="1" passed="1">
  <reporter-output>
  </reporter-output>
  <suite name="default" duration-ms="38421" started-at="2022-06-17T12:11:19Z" finished-at="2022-06-17T12:11:57Z">
    <groups>
    </groups>
    <test name="Web" duration-ms="38421" started-at="2022-06-17T12:11:19Z" finished-at="2022-06-17T12:11:57Z">
      <class name="Tests.AddCartTest">
        <test-method status="PASS" signature="setUp()[pri:0, instance:Tests.AddCartTest@69b0fd6f]" name="setUp" is-config="true" duration-ms="11207" started-at="2022-06-17T12:11:19Z" finished-at="2022-06-17T12:11:30Z">
          <reporter-output>
          </reporter-output>
        </test-method> <!-- setUp -->
        <test-method status="PASS" signature="verifyAddToCartTest()[pri:1, instance:Tests.AddCartTest@69b0fd6f]" name="verifyAddToCartTest" duration-ms="26192" started-at="2022-06-17T12:11:30Z" finished-at="2022-06-17T12:11:56Z">
          <reporter-output>
          </reporter-output>
        </test-method> <!-- verifyAddToCartTest -->
        <test-method status="PASS" signature="tearDown()[pri:0, instance:Tests.AddCartTest@69b0fd6f]" name="tearDown" is-config="true" duration-ms="689" started-at="2022-06-17T12:11:56Z" finished-at="2022-06-17T12:11:57Z">
          <reporter-output>
          </reporter-output>
        </test-method> <!-- tearDown -->
      </class> <!-- Tests.AddCartTest -->
    </test> <!-- Web -->
  </suite> <!-- default -->
</testng-results>
