<?xml version="1.0" encoding="UTF-8"?>
<testng-results skipped="0" failed="0" ignored="0" total="1" passed="1">
  <reporter-output>
  </reporter-output>
  <suite name="default" duration-ms="21885" started-at="2022-06-17T11:39:52Z" finished-at="2022-06-17T11:40:13Z">
    <groups>
    </groups>
    <test name="Web" duration-ms="21885" started-at="2022-06-17T11:39:52Z" finished-at="2022-06-17T11:40:13Z">
      <class name="Tests.AddCartTest">
        <test-method status="PASS" signature="setUp()[pri:0, instance:Tests.AddCartTest@1f021e6c]" name="setUp" is-config="true" duration-ms="11640" started-at="2022-06-17T11:39:52Z" finished-at="2022-06-17T11:40:03Z">
          <reporter-output>
          </reporter-output>
        </test-method> <!-- setUp -->
        <test-method status="PASS" signature="verifyAddToCartTest()[pri:1, instance:Tests.AddCartTest@1f021e6c]" name="verifyAddToCartTest" duration-ms="9141" started-at="2022-06-17T11:40:03Z" finished-at="2022-06-17T11:40:12Z">
          <reporter-output>
          </reporter-output>
        </test-method> <!-- verifyAddToCartTest -->
        <test-method status="PASS" signature="tearDown()[pri:0, instance:Tests.AddCartTest@1f021e6c]" name="tearDown" is-config="true" duration-ms="650" started-at="2022-06-17T11:40:13Z" finished-at="2022-06-17T11:40:13Z">
          <reporter-output>
          </reporter-output>
        </test-method> <!-- tearDown -->
      </class> <!-- Tests.AddCartTest -->
    </test> <!-- Web -->
  </suite> <!-- default -->
</testng-results>
